07-04-2023 10:03:51.695 [main] INFO  o.s.t.c.s.AnnotationConfigContextLoaderUtils.detectDefaultConfigurationClasses - Could not detect default configuration classes for test class [fr.weytensjohann.springcefim.SpringCefimApplicationTests]: SpringCefimApplicationTests does not declare any static, non-private, non-final, nested classes annotated with @Configuration.
07-04-2023 10:03:51.818 [main] INFO  o.s.b.t.c.SpringBootTestContextBootstrapper.getOrFindConfigurationClasses - Found @SpringBootConfiguration fr.weytensjohann.springcefim.SpringCefimApplication for test class fr.weytensjohann.springcefim.SpringCefimApplicationTests
07-04-2023 10:03:52.147 [main] INFO  f.w.s.SpringCefimApplicationTests.logStarting - Starting SpringCefimApplicationTests using Java 19.0.2 with PID 17660 (started by weyte in C:\spring\cefim-spring\springcefim)
07-04-2023 10:03:52.149 [main] INFO  f.w.s.SpringCefimApplicationTests.logStartupProfileInfo - No active profile set, falling back to 1 default profile: "default"
07-04-2023 10:03:52.647 [main] INFO  o.s.d.r.c.RepositoryConfigurationDelegate.registerRepositoriesIn - Bootstrapping Spring Data JPA repositories in DEFAULT mode.
07-04-2023 10:03:52.688 [main] INFO  o.s.d.r.c.RepositoryConfigurationDelegate.registerRepositoriesIn - Finished Spring Data repository scanning in 34 ms. Found 1 JPA repository interfaces.
07-04-2023 10:03:52.956 [main] WARN  o.s.w.c.s.GenericWebApplicationContext.refresh - Exception encountered during context initialization - cancelling refresh attempt: org.springframework.beans.factory.UnsatisfiedDependencyException: Error creating bean with name 'dataSourceScriptDatabaseInitializer' defined in class path resource [org/springframework/boot/autoconfigure/sql/init/DataSourceInitializationConfiguration.class]: Unsatisfied dependency expressed through method 'dataSourceScriptDatabaseInitializer' parameter 0: Error creating bean with name 'dataSource' defined in class path resource [org/springframework/boot/autoconfigure/jdbc/DataSourceConfiguration$Hikari.class]: Failed to instantiate [com.zaxxer.hikari.HikariDataSource]: Factory method 'dataSource' threw exception with message: Failed to determine a suitable driver class
07-04-2023 10:03:52.962 [main] INFO  o.s.b.a.l.ConditionEvaluationReportLogger.logMessage - 

Error starting ApplicationContext. To display the condition evaluation report re-run your application with 'debug' enabled.
07-04-2023 10:03:52.978 [main] ERROR o.s.b.d.LoggingFailureAnalysisReporter.report - 

***************************
APPLICATION FAILED TO START
***************************

Description:

Failed to configure a DataSource: 'url' attribute is not specified and no embedded datasource could be configured.

Reason: Failed to determine a suitable driver class


Action:

Consider the following:
	If you want an embedded database (H2, HSQL or Derby), please put it on the classpath.
	If you have database settings to be loaded from a particular profile you may need to activate it (no profiles are currently active).

07-04-2023 10:03:52.983 [main] ERROR o.s.test.context.TestContextManager.prepareTestInstance - Caught exception while allowing TestExecutionListener [org.springframework.test.context.web.ServletTestExecutionListener] to prepare test instance [fr.weytensjohann.springcefim.SpringCefimApplicationTests@1fedf0a4]
java.lang.IllegalStateException: Failed to load ApplicationContext for [WebMergedContextConfiguration@7bd96822 testClass = fr.weytensjohann.springcefim.SpringCefimApplicationTests, locations = [], classes = [fr.weytensjohann.springcefim.SpringCefimApplication], contextInitializerClasses = [], activeProfiles = [], propertySourceLocations = [], propertySourceProperties = ["org.springframework.boot.test.context.SpringBootTestContextBootstrapper=true"], contextCustomizers = [org.springframework.boot.test.autoconfigure.actuate.observability.ObservabilityContextCustomizerFactory$DisableObservabilityContextCustomizer@9da1, org.springframework.boot.test.autoconfigure.properties.PropertyMappingContextCustomizer@4b3fa0b3, org.springframework.boot.test.autoconfigure.web.servlet.WebDriverContextCustomizerFactory$Customizer@3b7d3a38, [ImportsContextCustomizer@64dae3b7 key = [org.springframework.boot.test.autoconfigure.web.servlet.MockMvcAutoConfiguration, org.springframework.boot.test.autoconfigure.web.servlet.MockMvcWebClientAutoConfiguration, org.springframework.boot.test.autoconfigure.web.servlet.MockMvcWebDriverAutoConfiguration, org.springframework.boot.autoconfigure.security.oauth2.client.servlet.OAuth2ClientAutoConfiguration, org.springframework.boot.autoconfigure.security.oauth2.resource.servlet.OAuth2ResourceServerAutoConfiguration, org.springframework.boot.autoconfigure.security.servlet.SecurityAutoConfiguration, org.springframework.boot.autoconfigure.security.servlet.SecurityFilterAutoConfiguration, org.springframework.boot.autoconfigure.security.servlet.UserDetailsServiceAutoConfiguration, org.springframework.boot.test.autoconfigure.web.servlet.MockMvcSecurityConfiguration, org.springframework.boot.test.autoconfigure.web.reactive.WebTestClientAutoConfiguration]], org.springframework.boot.test.context.filter.ExcludeFilterContextCustomizer@45312be2, org.springframework.boot.test.json.DuplicateJsonObjectContextCustomizerFactory$DuplicateJsonObjectContextCustomizer@ab7395e, org.springframework.boot.test.mock.mockito.MockitoContextCustomizer@0, org.springframework.boot.test.web.client.TestRestTemplateContextCustomizer@8c3619e, org.springframework.boot.test.context.SpringBootTestAnnotation@d272ae43], resourceBasePath = "src/main/webapp", contextLoader = org.springframework.boot.test.context.SpringBootContextLoader, parent = null]
	at org.springframework.test.context.cache.DefaultCacheAwareContextLoaderDelegate.loadContext(DefaultCacheAwareContextLoaderDelegate.java:142)
	at org.springframework.test.context.support.DefaultTestContext.getApplicationContext(DefaultTestContext.java:127)
	at org.springframework.test.context.web.ServletTestExecutionListener.setUpRequestContextIfNecessary(ServletTestExecutionListener.java:191)
	at org.springframework.test.context.web.ServletTestExecutionListener.prepareTestInstance(ServletTestExecutionListener.java:130)
	at org.springframework.test.context.TestContextManager.prepareTestInstance(TestContextManager.java:241)
	at org.springframework.test.context.junit.jupiter.SpringExtension.postProcessTestInstance(SpringExtension.java:138)
	at org.junit.jupiter.engine.descriptor.ClassBasedTestDescriptor.lambda$invokeTestInstancePostProcessors$10(ClassBasedTestDescriptor.java:377)
	at org.junit.jupiter.engine.descriptor.ClassBasedTestDescriptor.executeAndMaskThrowable(ClassBasedTestDescriptor.java:382)
	at org.junit.jupiter.engine.descriptor.ClassBasedTestDescriptor.lambda$invokeTestInstancePostProcessors$11(ClassBasedTestDescriptor.java:377)
	at java.base/java.util.stream.ReferencePipeline$3$1.accept(ReferencePipeline.java:197)
	at java.base/java.util.stream.ReferencePipeline$2$1.accept(ReferencePipeline.java:179)
	at java.base/java.util.ArrayList$ArrayListSpliterator.forEachRemaining(ArrayList.java:1625)
	at java.base/java.util.stream.AbstractPipeline.copyInto(AbstractPipeline.java:509)
	at java.base/java.util.stream.AbstractPipeline.wrapAndCopyInto(AbstractPipeline.java:499)
	at java.base/java.util.stream.StreamSpliterators$WrappingSpliterator.forEachRemaining(StreamSpliterators.java:310)
	at java.base/java.util.stream.Streams$ConcatSpliterator.forEachRemaining(Streams.java:735)
	at java.base/java.util.stream.Streams$ConcatSpliterator.forEachRemaining(Streams.java:734)
	at java.base/java.util.stream.ReferencePipeline$Head.forEach(ReferencePipeline.java:762)
	at org.junit.jupiter.engine.descriptor.ClassBasedTestDescriptor.invokeTestInstancePostProcessors(ClassBasedTestDescriptor.java:376)
	at org.junit.jupiter.engine.descriptor.ClassBasedTestDescriptor.lambda$instantiateAndPostProcessTestInstance$6(ClassBasedTestDescriptor.java:289)
	at org.junit.platform.engine.support.hierarchical.ThrowableCollector.execute(ThrowableCollector.java:73)
	at org.junit.jupiter.engine.descriptor.ClassBasedTestDescriptor.instantiateAndPostProcessTestInstance(ClassBasedTestDescriptor.java:288)
	at org.junit.jupiter.engine.descriptor.ClassBasedTestDescriptor.lambda$testInstancesProvider$4(ClassBasedTestDescriptor.java:278)
	at java.base/java.util.Optional.orElseGet(Optional.java:364)
	at org.junit.jupiter.engine.descriptor.ClassBasedTestDescriptor.lambda$testInstancesProvider$5(ClassBasedTestDescriptor.java:277)
	at org.junit.jupiter.engine.execution.TestInstancesProvider.getTestInstances(TestInstancesProvider.java:31)
	at org.junit.jupiter.engine.descriptor.TestMethodTestDescriptor.lambda$prepare$0(TestMethodTestDescriptor.java:105)
	at org.junit.platform.engine.support.hierarchical.ThrowableCollector.execute(ThrowableCollector.java:73)
	at org.junit.jupiter.engine.descriptor.TestMethodTestDescriptor.prepare(TestMethodTestDescriptor.java:104)
	at org.junit.jupiter.engine.descriptor.TestMethodTestDescriptor.prepare(TestMethodTestDescriptor.java:68)
	at org.junit.platform.engine.support.hierarchical.NodeTestTask.lambda$prepare$2(NodeTestTask.java:123)
	at org.junit.platform.engine.support.hierarchical.ThrowableCollector.execute(ThrowableCollector.java:73)
	at org.junit.platform.engine.support.hierarchical.NodeTestTask.prepare(NodeTestTask.java:123)
	at org.junit.platform.engine.support.hierarchical.NodeTestTask.execute(NodeTestTask.java:90)
	at java.base/java.util.ArrayList.forEach(ArrayList.java:1511)
	at org.junit.platform.engine.support.hierarchical.SameThreadHierarchicalTestExecutorService.invokeAll(SameThreadHierarchicalTestExecutorService.java:41)
	at org.junit.platform.engine.support.hierarchical.NodeTestTask.lambda$executeRecursively$6(NodeTestTask.java:155)
	at org.junit.platform.engine.support.hierarchical.ThrowableCollector.execute(ThrowableCollector.java:73)
	at org.junit.platform.engine.support.hierarchical.NodeTestTask.lambda$executeRecursively$8(NodeTestTask.java:141)
	at org.junit.platform.engine.support.hierarchical.Node.around(Node.java:137)
	at org.junit.platform.engine.support.hierarchical.NodeTestTask.lambda$executeRecursively$9(NodeTestTask.java:139)
	at org.junit.platform.engine.support.hierarchical.ThrowableCollector.execute(ThrowableCollector.java:73)
	at org.junit.platform.engine.support.hierarchical.NodeTestTask.executeRecursively(NodeTestTask.java:138)
	at org.junit.platform.engine.support.hierarchical.NodeTestTask.execute(NodeTestTask.java:95)
	at java.base/java.util.ArrayList.forEach(ArrayList.java:1511)
	at org.junit.platform.engine.support.hierarchical.SameThreadHierarchicalTestExecutorService.invokeAll(SameThreadHierarchicalTestExecutorService.java:41)
	at org.junit.platform.engine.support.hierarchical.NodeTestTask.lambda$executeRecursively$6(NodeTestTask.java:155)
	at org.junit.platform.engine.support.hierarchical.ThrowableCollector.execute(ThrowableCollector.java:73)
	at org.junit.platform.engine.support.hierarchical.NodeTestTask.lambda$executeRecursively$8(NodeTestTask.java:141)
	at org.junit.platform.engine.support.hierarchical.Node.around(Node.java:137)
	at org.junit.platform.engine.support.hierarchical.NodeTestTask.lambda$executeRecursively$9(NodeTestTask.java:139)
	at org.junit.platform.engine.support.hierarchical.ThrowableCollector.execute(ThrowableCollector.java:73)
	at org.junit.platform.engine.support.hierarchical.NodeTestTask.executeRecursively(NodeTestTask.java:138)
	at org.junit.platform.engine.support.hierarchical.NodeTestTask.execute(NodeTestTask.java:95)
	at org.junit.platform.engine.support.hierarchical.SameThreadHierarchicalTestExecutorService.submit(SameThreadHierarchicalTestExecutorService.java:35)
	at org.junit.platform.engine.support.hierarchical.HierarchicalTestExecutor.execute(HierarchicalTestExecutor.java:57)
	at org.junit.platform.engine.support.hierarchical.HierarchicalTestEngine.execute(HierarchicalTestEngine.java:54)
	at org.junit.platform.launcher.core.EngineExecutionOrchestrator.execute(EngineExecutionOrchestrator.java:147)
	at org.junit.platform.launcher.core.EngineExecutionOrchestrator.execute(EngineExecutionOrchestrator.java:127)
	at org.junit.platform.launcher.core.EngineExecutionOrchestrator.execute(EngineExecutionOrchestrator.java:90)
	at org.junit.platform.launcher.core.EngineExecutionOrchestrator.lambda$execute$0(EngineExecutionOrchestrator.java:55)
	at org.junit.platform.launcher.core.EngineExecutionOrchestrator.withInterceptedStreams(EngineExecutionOrchestrator.java:102)
	at org.junit.platform.launcher.core.EngineExecutionOrchestrator.execute(EngineExecutionOrchestrator.java:54)
	at org.junit.platform.launcher.core.DefaultLauncher.execute(DefaultLauncher.java:114)
	at org.junit.platform.launcher.core.DefaultLauncher.execute(DefaultLauncher.java:86)
	at org.junit.platform.launcher.core.DefaultLauncherSession$DelegatingLauncher.execute(DefaultLauncherSession.java:86)
	at org.junit.platform.launcher.core.SessionPerRequestLauncher.execute(SessionPerRequestLauncher.java:53)
	at com.intellij.junit5.JUnit5IdeaTestRunner.startRunnerWithArgs(JUnit5IdeaTestRunner.java:57)
	at com.intellij.rt.junit.IdeaTestRunner$Repeater$1.execute(IdeaTestRunner.java:38)
	at com.intellij.rt.execution.junit.TestsRepeater.repeat(TestsRepeater.java:11)
	at com.intellij.rt.junit.IdeaTestRunner$Repeater.startRunnerWithArgs(IdeaTestRunner.java:35)
	at com.intellij.rt.junit.JUnitStarter.prepareStreamsAndStart(JUnitStarter.java:232)
	at com.intellij.rt.junit.JUnitStarter.main(JUnitStarter.java:55)
Caused by: org.springframework.beans.factory.UnsatisfiedDependencyException: Error creating bean with name 'dataSourceScriptDatabaseInitializer' defined in class path resource [org/springframework/boot/autoconfigure/sql/init/DataSourceInitializationConfiguration.class]: Unsatisfied dependency expressed through method 'dataSourceScriptDatabaseInitializer' parameter 0: Error creating bean with name 'dataSource' defined in class path resource [org/springframework/boot/autoconfigure/jdbc/DataSourceConfiguration$Hikari.class]: Failed to instantiate [com.zaxxer.hikari.HikariDataSource]: Factory method 'dataSource' threw exception with message: Failed to determine a suitable driver class
	at org.springframework.beans.factory.support.ConstructorResolver.createArgumentArray(ConstructorResolver.java:798)
	at org.springframework.beans.factory.support.ConstructorResolver.instantiateUsingFactoryMethod(ConstructorResolver.java:548)
	at org.springframework.beans.factory.support.AbstractAutowireCapableBeanFactory.instantiateUsingFactoryMethod(AbstractAutowireCapableBeanFactory.java:1332)
	at org.springframework.beans.factory.support.AbstractAutowireCapableBeanFactory.createBeanInstance(AbstractAutowireCapableBeanFactory.java:1162)
	at org.springframework.beans.factory.support.AbstractAutowireCapableBeanFactory.doCreateBean(AbstractAutowireCapableBeanFactory.java:560)
	at org.springframework.beans.factory.support.AbstractAutowireCapableBeanFactory.createBean(AbstractAutowireCapableBeanFactory.java:520)
	at org.springframework.beans.factory.support.AbstractBeanFactory.lambda$doGetBean$0(AbstractBeanFactory.java:326)
	at org.springframework.beans.factory.support.DefaultSingletonBeanRegistry.getSingleton(DefaultSingletonBeanRegistry.java:234)
	at org.springframework.beans.factory.support.AbstractBeanFactory.doGetBean(AbstractBeanFactory.java:324)
	at org.springframework.beans.factory.support.AbstractBeanFactory.getBean(AbstractBeanFactory.java:200)
	at org.springframework.beans.factory.support.AbstractBeanFactory.doGetBean(AbstractBeanFactory.java:313)
	at org.springframework.beans.factory.support.AbstractBeanFactory.getBean(AbstractBeanFactory.java:200)
	at org.springframework.context.support.AbstractApplicationContext.getBean(AbstractApplicationContext.java:1132)
	at org.springframework.context.support.AbstractApplicationContext.finishBeanFactoryInitialization(AbstractApplicationContext.java:907)
	at org.springframework.context.support.AbstractApplicationContext.refresh(AbstractApplicationContext.java:584)
	at org.springframework.boot.SpringApplication.refresh(SpringApplication.java:732)
	at org.springframework.boot.SpringApplication.refreshContext(SpringApplication.java:434)
	at org.springframework.boot.SpringApplication.run(SpringApplication.java:310)
	at org.springframework.boot.test.context.SpringBootContextLoader.lambda$loadContext$3(SpringBootContextLoader.java:137)
	at org.springframework.util.function.ThrowingSupplier.get(ThrowingSupplier.java:58)
	at org.springframework.util.function.ThrowingSupplier.get(ThrowingSupplier.java:46)
	at org.springframework.boot.SpringApplication.withHook(SpringApplication.java:1388)
	at org.springframework.boot.test.context.SpringBootContextLoader$ContextLoaderHook.run(SpringBootContextLoader.java:545)
	at org.springframework.boot.test.context.SpringBootContextLoader.loadContext(SpringBootContextLoader.java:137)
	at org.springframework.boot.test.context.SpringBootContextLoader.loadContext(SpringBootContextLoader.java:108)
	at org.springframework.test.context.cache.DefaultCacheAwareContextLoaderDelegate.loadContextInternal(DefaultCacheAwareContextLoaderDelegate.java:184)
	at org.springframework.test.context.cache.DefaultCacheAwareContextLoaderDelegate.loadContext(DefaultCacheAwareContextLoaderDelegate.java:118)
	... 72 common frames omitted
Caused by: org.springframework.beans.factory.BeanCreationException: Error creating bean with name 'dataSource' defined in class path resource [org/springframework/boot/autoconfigure/jdbc/DataSourceConfiguration$Hikari.class]: Failed to instantiate [com.zaxxer.hikari.HikariDataSource]: Factory method 'dataSource' threw exception with message: Failed to determine a suitable driver class
	at org.springframework.beans.factory.support.ConstructorResolver.instantiate(ConstructorResolver.java:657)
	at org.springframework.beans.factory.support.ConstructorResolver.instantiateUsingFactoryMethod(ConstructorResolver.java:645)
	at org.springframework.beans.factory.support.AbstractAutowireCapableBeanFactory.instantiateUsingFactoryMethod(AbstractAutowireCapableBeanFactory.java:1332)
	at org.springframework.beans.factory.support.AbstractAutowireCapableBeanFactory.createBeanInstance(AbstractAutowireCapableBeanFactory.java:1162)
	at org.springframework.beans.factory.support.AbstractAutowireCapableBeanFactory.doCreateBean(AbstractAutowireCapableBeanFactory.java:560)
	at org.springframework.beans.factory.support.AbstractAutowireCapableBeanFactory.createBean(AbstractAutowireCapableBeanFactory.java:520)
	at org.springframework.beans.factory.support.AbstractBeanFactory.lambda$doGetBean$0(AbstractBeanFactory.java:326)
	at org.springframework.beans.factory.support.DefaultSingletonBeanRegistry.getSingleton(DefaultSingletonBeanRegistry.java:234)
	at org.springframework.beans.factory.support.AbstractBeanFactory.doGetBean(AbstractBeanFactory.java:324)
	at org.springframework.beans.factory.support.AbstractBeanFactory.getBean(AbstractBeanFactory.java:200)
	at org.springframework.beans.factory.config.DependencyDescriptor.resolveCandidate(DependencyDescriptor.java:254)
	at org.springframework.beans.factory.support.DefaultListableBeanFactory.doResolveDependency(DefaultListableBeanFactory.java:1417)
	at org.springframework.beans.factory.support.DefaultListableBeanFactory.resolveDependency(DefaultListableBeanFactory.java:1337)
	at org.springframework.beans.factory.support.ConstructorResolver.resolveAutowiredArgument(ConstructorResolver.java:885)
	at org.springframework.beans.factory.support.ConstructorResolver.createArgumentArray(ConstructorResolver.java:789)
	... 98 common frames omitted
Caused by: org.springframework.beans.BeanInstantiationException: Failed to instantiate [com.zaxxer.hikari.HikariDataSource]: Factory method 'dataSource' threw exception with message: Failed to determine a suitable driver class
	at org.springframework.beans.factory.support.SimpleInstantiationStrategy.instantiate(SimpleInstantiationStrategy.java:171)
	at org.springframework.beans.factory.support.ConstructorResolver.instantiate(ConstructorResolver.java:653)
	... 112 common frames omitted
Caused by: org.springframework.boot.autoconfigure.jdbc.DataSourceProperties$DataSourceBeanCreationException: Failed to determine a suitable driver class
	at org.springframework.boot.autoconfigure.jdbc.DataSourceProperties.determineDriverClassName(DataSourceProperties.java:186)
	at org.springframework.boot.autoconfigure.jdbc.DataSourceProperties.initializeDataSourceBuilder(DataSourceProperties.java:125)
	at org.springframework.boot.autoconfigure.jdbc.DataSourceConfiguration.createDataSource(DataSourceConfiguration.java:48)
	at org.springframework.boot.autoconfigure.jdbc.DataSourceConfiguration$Hikari.dataSource(DataSourceConfiguration.java:90)
	at java.base/jdk.internal.reflect.DirectMethodHandleAccessor.invoke(DirectMethodHandleAccessor.java:104)
	at java.base/java.lang.reflect.Method.invoke(Method.java:578)
	at org.springframework.beans.factory.support.SimpleInstantiationStrategy.instantiate(SimpleInstantiationStrategy.java:139)
	... 113 common frames omitted
07-04-2023 10:05:43.797 [main] INFO  o.s.t.c.s.AnnotationConfigContextLoaderUtils.detectDefaultConfigurationClasses - Could not detect default configuration classes for test class [fr.weytensjohann.springcefim.SpringCefimApplicationTests]: SpringCefimApplicationTests does not declare any static, non-private, non-final, nested classes annotated with @Configuration.
07-04-2023 10:05:43.894 [main] INFO  o.s.b.t.c.SpringBootTestContextBootstrapper.getOrFindConfigurationClasses - Found @SpringBootConfiguration fr.weytensjohann.springcefim.SpringCefimApplication for test class fr.weytensjohann.springcefim.SpringCefimApplicationTests
07-04-2023 10:20:07.649 [main] INFO  o.s.t.c.s.AnnotationConfigContextLoaderUtils.detectDefaultConfigurationClasses - Could not detect default configuration classes for test class [fr.weytensjohann.springcefim.SpringCefimApplicationTests]: SpringCefimApplicationTests does not declare any static, non-private, non-final, nested classes annotated with @Configuration.
07-04-2023 10:20:07.758 [main] INFO  o.s.b.t.c.SpringBootTestContextBootstrapper.getOrFindConfigurationClasses - Found @SpringBootConfiguration fr.weytensjohann.springcefim.SpringCefimApplication for test class fr.weytensjohann.springcefim.SpringCefimApplicationTests
07-04-2023 10:20:32.574 [main] INFO  o.s.t.c.s.AnnotationConfigContextLoaderUtils.detectDefaultConfigurationClasses - Could not detect default configuration classes for test class [fr.weytensjohann.springcefim.SpringCefimApplicationTests]: SpringCefimApplicationTests does not declare any static, non-private, non-final, nested classes annotated with @Configuration.
07-04-2023 10:20:32.670 [main] INFO  o.s.b.t.c.SpringBootTestContextBootstrapper.getOrFindConfigurationClasses - Found @SpringBootConfiguration fr.weytensjohann.springcefim.SpringCefimApplication for test class fr.weytensjohann.springcefim.SpringCefimApplicationTests
07-04-2023 10:22:36.943 [main] INFO  o.s.t.c.s.AnnotationConfigContextLoaderUtils.detectDefaultConfigurationClasses - Could not detect default configuration classes for test class [fr.weytensjohann.springcefim.SpringCefimApplicationTests]: SpringCefimApplicationTests does not declare any static, non-private, non-final, nested classes annotated with @Configuration.
07-04-2023 10:22:37.042 [main] INFO  o.s.b.t.c.SpringBootTestContextBootstrapper.getOrFindConfigurationClasses - Found @SpringBootConfiguration fr.weytensjohann.springcefim.SpringCefimApplication for test class fr.weytensjohann.springcefim.SpringCefimApplicationTests
07-04-2023 10:22:50.003 [main] INFO  o.s.t.c.s.AnnotationConfigContextLoaderUtils.detectDefaultConfigurationClasses - Could not detect default configuration classes for test class [fr.weytensjohann.springcefim.SpringCefimApplicationTests]: SpringCefimApplicationTests does not declare any static, non-private, non-final, nested classes annotated with @Configuration.
07-04-2023 10:22:50.086 [main] INFO  o.s.b.t.c.SpringBootTestContextBootstrapper.getOrFindConfigurationClasses - Found @SpringBootConfiguration fr.weytensjohann.springcefim.SpringCefimApplication for test class fr.weytensjohann.springcefim.SpringCefimApplicationTests
07-04-2023 10:23:23.504 [main] INFO  o.s.t.c.s.AnnotationConfigContextLoaderUtils.detectDefaultConfigurationClasses - Could not detect default configuration classes for test class [fr.weytensjohann.springcefim.SpringCefimApplicationTests]: SpringCefimApplicationTests does not declare any static, non-private, non-final, nested classes annotated with @Configuration.
07-04-2023 10:23:23.597 [main] INFO  o.s.b.t.c.SpringBootTestContextBootstrapper.getOrFindConfigurationClasses - Found @SpringBootConfiguration fr.weytensjohann.springcefim.SpringCefimApplication for test class fr.weytensjohann.springcefim.SpringCefimApplicationTests
07-04-2023 10:25:36.445 [main] INFO  o.s.t.c.s.AnnotationConfigContextLoaderUtils.detectDefaultConfigurationClasses - Could not detect default configuration classes for test class [fr.weytensjohann.springcefim.SpringCefimApplicationTests]: SpringCefimApplicationTests does not declare any static, non-private, non-final, nested classes annotated with @Configuration.
07-04-2023 10:25:36.538 [main] INFO  o.s.b.t.c.SpringBootTestContextBootstrapper.getOrFindConfigurationClasses - Found @SpringBootConfiguration fr.weytensjohann.springcefim.SpringCefimApplication for test class fr.weytensjohann.springcefim.SpringCefimApplicationTests
07-04-2023 10:28:43.573 [main] INFO  o.s.t.c.s.AnnotationConfigContextLoaderUtils.detectDefaultConfigurationClasses - Could not detect default configuration classes for test class [fr.weytensjohann.springcefim.SpringCefimApplicationTests]: SpringCefimApplicationTests does not declare any static, non-private, non-final, nested classes annotated with @Configuration.
07-04-2023 10:28:43.664 [main] INFO  o.s.b.t.c.SpringBootTestContextBootstrapper.getOrFindConfigurationClasses - Found @SpringBootConfiguration fr.weytensjohann.springcefim.SpringCefimApplication for test class fr.weytensjohann.springcefim.SpringCefimApplicationTests
07-04-2023 10:29:24.425 [main] INFO  o.s.t.c.s.AnnotationConfigContextLoaderUtils.detectDefaultConfigurationClasses - Could not detect default configuration classes for test class [fr.weytensjohann.springcefim.SpringCefimApplicationTests]: SpringCefimApplicationTests does not declare any static, non-private, non-final, nested classes annotated with @Configuration.
07-04-2023 10:29:24.517 [main] INFO  o.s.b.t.c.SpringBootTestContextBootstrapper.getOrFindConfigurationClasses - Found @SpringBootConfiguration fr.weytensjohann.springcefim.SpringCefimApplication for test class fr.weytensjohann.springcefim.SpringCefimApplicationTests
07-04-2023 10:42:37.008 [main] INFO  o.s.t.c.s.AnnotationConfigContextLoaderUtils.detectDefaultConfigurationClasses - Could not detect default configuration classes for test class [fr.weytensjohann.springcefim.SpringCefimApplicationTests]: SpringCefimApplicationTests does not declare any static, non-private, non-final, nested classes annotated with @Configuration.
07-04-2023 10:42:37.108 [main] INFO  o.s.b.t.c.SpringBootTestContextBootstrapper.getOrFindConfigurationClasses - Found @SpringBootConfiguration fr.weytensjohann.springcefim.SpringCefimApplication for test class fr.weytensjohann.springcefim.SpringCefimApplicationTests
07-04-2023 10:42:59.998 [main] INFO  o.s.t.c.s.AnnotationConfigContextLoaderUtils.detectDefaultConfigurationClasses - Could not detect default configuration classes for test class [fr.weytensjohann.springcefim.SpringCefimApplicationTests]: SpringCefimApplicationTests does not declare any static, non-private, non-final, nested classes annotated with @Configuration.
07-04-2023 10:43:00.090 [main] INFO  o.s.b.t.c.SpringBootTestContextBootstrapper.getOrFindConfigurationClasses - Found @SpringBootConfiguration fr.weytensjohann.springcefim.SpringCefimApplication for test class fr.weytensjohann.springcefim.SpringCefimApplicationTests
07-04-2023 10:43:12.637 [main] INFO  o.s.t.c.s.AnnotationConfigContextLoaderUtils.detectDefaultConfigurationClasses - Could not detect default configuration classes for test class [fr.weytensjohann.springcefim.SpringCefimApplicationTests]: SpringCefimApplicationTests does not declare any static, non-private, non-final, nested classes annotated with @Configuration.
07-04-2023 10:43:12.724 [main] INFO  o.s.b.t.c.SpringBootTestContextBootstrapper.getOrFindConfigurationClasses - Found @SpringBootConfiguration fr.weytensjohann.springcefim.SpringCefimApplication for test class fr.weytensjohann.springcefim.SpringCefimApplicationTests
07-04-2023 10:43:25.617 [main] INFO  o.s.t.c.s.AnnotationConfigContextLoaderUtils.detectDefaultConfigurationClasses - Could not detect default configuration classes for test class [fr.weytensjohann.springcefim.SpringCefimApplicationTests]: SpringCefimApplicationTests does not declare any static, non-private, non-final, nested classes annotated with @Configuration.
07-04-2023 10:43:25.712 [main] INFO  o.s.b.t.c.SpringBootTestContextBootstrapper.getOrFindConfigurationClasses - Found @SpringBootConfiguration fr.weytensjohann.springcefim.SpringCefimApplication for test class fr.weytensjohann.springcefim.SpringCefimApplicationTests
07-04-2023 10:43:36.154 [main] INFO  o.s.t.c.s.AnnotationConfigContextLoaderUtils.detectDefaultConfigurationClasses - Could not detect default configuration classes for test class [fr.weytensjohann.springcefim.SpringCefimApplicationTests]: SpringCefimApplicationTests does not declare any static, non-private, non-final, nested classes annotated with @Configuration.
07-04-2023 10:43:36.254 [main] INFO  o.s.b.t.c.SpringBootTestContextBootstrapper.getOrFindConfigurationClasses - Found @SpringBootConfiguration fr.weytensjohann.springcefim.SpringCefimApplication for test class fr.weytensjohann.springcefim.SpringCefimApplicationTests
07-04-2023 11:06:19.525 [main] INFO  o.s.t.c.s.AnnotationConfigContextLoaderUtils.detectDefaultConfigurationClasses - Could not detect default configuration classes for test class [fr.weytensjohann.springcefim.SpringCefimApplicationTests]: SpringCefimApplicationTests does not declare any static, non-private, non-final, nested classes annotated with @Configuration.
07-04-2023 11:06:19.629 [main] INFO  o.s.b.t.c.SpringBootTestContextBootstrapper.getOrFindConfigurationClasses - Found @SpringBootConfiguration fr.weytensjohann.springcefim.SpringCefimApplication for test class fr.weytensjohann.springcefim.SpringCefimApplicationTests
07-04-2023 11:06:45.387 [main] INFO  o.s.t.c.s.AnnotationConfigContextLoaderUtils.detectDefaultConfigurationClasses - Could not detect default configuration classes for test class [fr.weytensjohann.springcefim.SpringCefimApplicationTests]: SpringCefimApplicationTests does not declare any static, non-private, non-final, nested classes annotated with @Configuration.
07-04-2023 11:06:45.474 [main] INFO  o.s.b.t.c.SpringBootTestContextBootstrapper.getOrFindConfigurationClasses - Found @SpringBootConfiguration fr.weytensjohann.springcefim.SpringCefimApplication for test class fr.weytensjohann.springcefim.SpringCefimApplicationTests
07-04-2023 11:07:12.784 [main] INFO  o.s.t.c.s.AnnotationConfigContextLoaderUtils.detectDefaultConfigurationClasses - Could not detect default configuration classes for test class [fr.weytensjohann.springcefim.SpringCefimApplicationTests]: SpringCefimApplicationTests does not declare any static, non-private, non-final, nested classes annotated with @Configuration.
07-04-2023 11:07:12.882 [main] INFO  o.s.b.t.c.SpringBootTestContextBootstrapper.getOrFindConfigurationClasses - Found @SpringBootConfiguration fr.weytensjohann.springcefim.SpringCefimApplication for test class fr.weytensjohann.springcefim.SpringCefimApplicationTests
07-04-2023 11:15:48.703 [main] INFO  o.s.t.c.s.AnnotationConfigContextLoaderUtils.detectDefaultConfigurationClasses - Could not detect default configuration classes for test class [fr.weytensjohann.springcefim.SpringCefimApplicationTests]: SpringCefimApplicationTests does not declare any static, non-private, non-final, nested classes annotated with @Configuration.
07-04-2023 11:15:48.794 [main] INFO  o.s.b.t.c.SpringBootTestContextBootstrapper.getOrFindConfigurationClasses - Found @SpringBootConfiguration fr.weytensjohann.springcefim.SpringCefimApplication for test class fr.weytensjohann.springcefim.SpringCefimApplicationTests
07-04-2023 11:16:01.006 [main] INFO  o.s.t.c.s.AnnotationConfigContextLoaderUtils.detectDefaultConfigurationClasses - Could not detect default configuration classes for test class [fr.weytensjohann.springcefim.SpringCefimApplicationTests]: SpringCefimApplicationTests does not declare any static, non-private, non-final, nested classes annotated with @Configuration.
07-04-2023 11:16:01.103 [main] INFO  o.s.b.t.c.SpringBootTestContextBootstrapper.getOrFindConfigurationClasses - Found @SpringBootConfiguration fr.weytensjohann.springcefim.SpringCefimApplication for test class fr.weytensjohann.springcefim.SpringCefimApplicationTests
07-04-2023 12:15:05.647 [main] INFO  o.s.t.c.s.AnnotationConfigContextLoaderUtils.detectDefaultConfigurationClasses - Could not detect default configuration classes for test class [fr.weytensjohann.springcefim.SpringCefimApplicationTests]: SpringCefimApplicationTests does not declare any static, non-private, non-final, nested classes annotated with @Configuration.
07-04-2023 12:15:05.738 [main] INFO  o.s.b.t.c.SpringBootTestContextBootstrapper.getOrFindConfigurationClasses - Found @SpringBootConfiguration fr.weytensjohann.springcefim.SpringCefimApplication for test class fr.weytensjohann.springcefim.SpringCefimApplicationTests
07-04-2023 12:15:23.642 [main] INFO  o.s.t.c.s.AnnotationConfigContextLoaderUtils.detectDefaultConfigurationClasses - Could not detect default configuration classes for test class [fr.weytensjohann.springcefim.SpringCefimApplicationTests]: SpringCefimApplicationTests does not declare any static, non-private, non-final, nested classes annotated with @Configuration.
07-04-2023 12:15:23.744 [main] INFO  o.s.b.t.c.SpringBootTestContextBootstrapper.getOrFindConfigurationClasses - Found @SpringBootConfiguration fr.weytensjohann.springcefim.SpringCefimApplication for test class fr.weytensjohann.springcefim.SpringCefimApplicationTests
07-04-2023 12:15:34.748 [main] INFO  o.s.t.c.s.AnnotationConfigContextLoaderUtils.detectDefaultConfigurationClasses - Could not detect default configuration classes for test class [fr.weytensjohann.springcefim.SpringCefimApplicationTests]: SpringCefimApplicationTests does not declare any static, non-private, non-final, nested classes annotated with @Configuration.
07-04-2023 12:15:34.862 [main] INFO  o.s.b.t.c.SpringBootTestContextBootstrapper.getOrFindConfigurationClasses - Found @SpringBootConfiguration fr.weytensjohann.springcefim.SpringCefimApplication for test class fr.weytensjohann.springcefim.SpringCefimApplicationTests
07-04-2023 12:18:27.153 [main] INFO  o.s.t.c.s.AnnotationConfigContextLoaderUtils.detectDefaultConfigurationClasses - Could not detect default configuration classes for test class [fr.weytensjohann.springcefim.SpringCefimApplicationTests]: SpringCefimApplicationTests does not declare any static, non-private, non-final, nested classes annotated with @Configuration.
07-04-2023 12:18:27.254 [main] INFO  o.s.b.t.c.SpringBootTestContextBootstrapper.getOrFindConfigurationClasses - Found @SpringBootConfiguration fr.weytensjohann.springcefim.SpringCefimApplication for test class fr.weytensjohann.springcefim.SpringCefimApplicationTests
07-04-2023 14:06:17.374 [main] INFO  o.s.t.c.s.AnnotationConfigContextLoaderUtils.detectDefaultConfigurationClasses - Could not detect default configuration classes for test class [fr.weytensjohann.springcefim.SpringCefimApplicationTests]: SpringCefimApplicationTests does not declare any static, non-private, non-final, nested classes annotated with @Configuration.
07-04-2023 14:06:17.460 [main] INFO  o.s.b.t.c.SpringBootTestContextBootstrapper.getOrFindConfigurationClasses - Found @SpringBootConfiguration fr.weytensjohann.springcefim.SpringCefimApplication for test class fr.weytensjohann.springcefim.SpringCefimApplicationTests
07-04-2023 14:06:26.579 [main] INFO  o.s.t.c.s.AnnotationConfigContextLoaderUtils.detectDefaultConfigurationClasses - Could not detect default configuration classes for test class [fr.weytensjohann.springcefim.SpringCefimApplicationTests]: SpringCefimApplicationTests does not declare any static, non-private, non-final, nested classes annotated with @Configuration.
07-04-2023 14:06:26.661 [main] INFO  o.s.b.t.c.SpringBootTestContextBootstrapper.getOrFindConfigurationClasses - Found @SpringBootConfiguration fr.weytensjohann.springcefim.SpringCefimApplication for test class fr.weytensjohann.springcefim.SpringCefimApplicationTests
07-04-2023 14:07:43.485 [main] INFO  o.s.t.c.s.AnnotationConfigContextLoaderUtils.detectDefaultConfigurationClasses - Could not detect default configuration classes for test class [fr.weytensjohann.springcefim.SpringCefimApplicationTests]: SpringCefimApplicationTests does not declare any static, non-private, non-final, nested classes annotated with @Configuration.
07-04-2023 14:07:43.565 [main] INFO  o.s.b.t.c.SpringBootTestContextBootstrapper.getOrFindConfigurationClasses - Found @SpringBootConfiguration fr.weytensjohann.springcefim.SpringCefimApplication for test class fr.weytensjohann.springcefim.SpringCefimApplicationTests
07-04-2023 14:11:02.411 [main] INFO  o.s.t.c.s.AnnotationConfigContextLoaderUtils.detectDefaultConfigurationClasses - Could not detect default configuration classes for test class [fr.weytensjohann.springcefim.SpringCefimApplicationTests]: SpringCefimApplicationTests does not declare any static, non-private, non-final, nested classes annotated with @Configuration.
07-04-2023 14:11:02.510 [main] INFO  o.s.b.t.c.SpringBootTestContextBootstrapper.getOrFindConfigurationClasses - Found @SpringBootConfiguration fr.weytensjohann.springcefim.SpringCefimApplication for test class fr.weytensjohann.springcefim.SpringCefimApplicationTests
07-04-2023 14:11:13.042 [main] INFO  o.s.t.c.s.AnnotationConfigContextLoaderUtils.detectDefaultConfigurationClasses - Could not detect default configuration classes for test class [fr.weytensjohann.springcefim.SpringCefimApplicationTests]: SpringCefimApplicationTests does not declare any static, non-private, non-final, nested classes annotated with @Configuration.
07-04-2023 14:11:13.139 [main] INFO  o.s.b.t.c.SpringBootTestContextBootstrapper.getOrFindConfigurationClasses - Found @SpringBootConfiguration fr.weytensjohann.springcefim.SpringCefimApplication for test class fr.weytensjohann.springcefim.SpringCefimApplicationTests
07-04-2023 14:11:25.664 [main] INFO  o.s.t.c.s.AnnotationConfigContextLoaderUtils.detectDefaultConfigurationClasses - Could not detect default configuration classes for test class [fr.weytensjohann.springcefim.SpringCefimApplicationTests]: SpringCefimApplicationTests does not declare any static, non-private, non-final, nested classes annotated with @Configuration.
07-04-2023 14:11:25.739 [main] INFO  o.s.b.t.c.SpringBootTestContextBootstrapper.getOrFindConfigurationClasses - Found @SpringBootConfiguration fr.weytensjohann.springcefim.SpringCefimApplication for test class fr.weytensjohann.springcefim.SpringCefimApplicationTests
07-04-2023 14:11:50.934 [main] INFO  o.s.t.c.s.AnnotationConfigContextLoaderUtils.detectDefaultConfigurationClasses - Could not detect default configuration classes for test class [fr.weytensjohann.springcefim.SpringCefimApplicationTests]: SpringCefimApplicationTests does not declare any static, non-private, non-final, nested classes annotated with @Configuration.
07-04-2023 14:11:51.028 [main] INFO  o.s.b.t.c.SpringBootTestContextBootstrapper.getOrFindConfigurationClasses - Found @SpringBootConfiguration fr.weytensjohann.springcefim.SpringCefimApplication for test class fr.weytensjohann.springcefim.SpringCefimApplicationTests
07-04-2023 14:12:05.400 [main] INFO  o.s.t.c.s.AnnotationConfigContextLoaderUtils.detectDefaultConfigurationClasses - Could not detect default configuration classes for test class [fr.weytensjohann.springcefim.SpringCefimApplicationTests]: SpringCefimApplicationTests does not declare any static, non-private, non-final, nested classes annotated with @Configuration.
07-04-2023 14:12:05.476 [main] INFO  o.s.b.t.c.SpringBootTestContextBootstrapper.getOrFindConfigurationClasses - Found @SpringBootConfiguration fr.weytensjohann.springcefim.SpringCefimApplication for test class fr.weytensjohann.springcefim.SpringCefimApplicationTests
07-04-2023 14:12:16.447 [main] INFO  o.s.t.c.s.AnnotationConfigContextLoaderUtils.detectDefaultConfigurationClasses - Could not detect default configuration classes for test class [fr.weytensjohann.springcefim.SpringCefimApplicationTests]: SpringCefimApplicationTests does not declare any static, non-private, non-final, nested classes annotated with @Configuration.
07-04-2023 14:12:16.541 [main] INFO  o.s.b.t.c.SpringBootTestContextBootstrapper.getOrFindConfigurationClasses - Found @SpringBootConfiguration fr.weytensjohann.springcefim.SpringCefimApplication for test class fr.weytensjohann.springcefim.SpringCefimApplicationTests
07-04-2023 14:12:41.866 [main] INFO  o.s.t.c.s.AnnotationConfigContextLoaderUtils.detectDefaultConfigurationClasses - Could not detect default configuration classes for test class [fr.weytensjohann.springcefim.SpringCefimApplicationTests]: SpringCefimApplicationTests does not declare any static, non-private, non-final, nested classes annotated with @Configuration.
07-04-2023 14:12:41.948 [main] INFO  o.s.b.t.c.SpringBootTestContextBootstrapper.getOrFindConfigurationClasses - Found @SpringBootConfiguration fr.weytensjohann.springcefim.SpringCefimApplication for test class fr.weytensjohann.springcefim.SpringCefimApplicationTests
07-04-2023 15:07:03.008 [main] INFO  o.s.t.c.s.AnnotationConfigContextLoaderUtils.detectDefaultConfigurationClasses - Could not detect default configuration classes for test class [fr.weytensjohann.springcefim.SpringCefimApplicationTests]: SpringCefimApplicationTests does not declare any static, non-private, non-final, nested classes annotated with @Configuration.
07-04-2023 15:07:03.112 [main] INFO  o.s.b.t.c.SpringBootTestContextBootstrapper.getOrFindConfigurationClasses - Found @SpringBootConfiguration fr.weytensjohann.springcefim.SpringCefimApplication for test class fr.weytensjohann.springcefim.SpringCefimApplicationTests
07-04-2023 15:09:42.559 [main] INFO  o.s.t.c.s.AnnotationConfigContextLoaderUtils.detectDefaultConfigurationClasses - Could not detect default configuration classes for test class [fr.weytensjohann.springcefim.SpringCefimApplicationTests]: SpringCefimApplicationTests does not declare any static, non-private, non-final, nested classes annotated with @Configuration.
07-04-2023 15:09:42.664 [main] INFO  o.s.b.t.c.SpringBootTestContextBootstrapper.getOrFindConfigurationClasses - Found @SpringBootConfiguration fr.weytensjohann.springcefim.SpringCefimApplication for test class fr.weytensjohann.springcefim.SpringCefimApplicationTests
07-04-2023 15:12:12.599 [main] INFO  o.s.t.c.s.AnnotationConfigContextLoaderUtils.detectDefaultConfigurationClasses - Could not detect default configuration classes for test class [fr.weytensjohann.springcefim.SpringCefimApplicationTests]: SpringCefimApplicationTests does not declare any static, non-private, non-final, nested classes annotated with @Configuration.
07-04-2023 15:12:12.673 [main] INFO  o.s.b.t.c.SpringBootTestContextBootstrapper.getOrFindConfigurationClasses - Found @SpringBootConfiguration fr.weytensjohann.springcefim.SpringCefimApplication for test class fr.weytensjohann.springcefim.SpringCefimApplicationTests
07-04-2023 15:12:29.303 [main] INFO  o.s.t.c.s.AnnotationConfigContextLoaderUtils.detectDefaultConfigurationClasses - Could not detect default configuration classes for test class [fr.weytensjohann.springcefim.SpringCefimApplicationTests]: SpringCefimApplicationTests does not declare any static, non-private, non-final, nested classes annotated with @Configuration.
07-04-2023 15:12:29.396 [main] INFO  o.s.b.t.c.SpringBootTestContextBootstrapper.getOrFindConfigurationClasses - Found @SpringBootConfiguration fr.weytensjohann.springcefim.SpringCefimApplication for test class fr.weytensjohann.springcefim.SpringCefimApplicationTests
07-04-2023 15:14:00.617 [main] INFO  o.s.t.c.s.AnnotationConfigContextLoaderUtils.detectDefaultConfigurationClasses - Could not detect default configuration classes for test class [fr.weytensjohann.springcefim.SpringCefimApplicationTests]: SpringCefimApplicationTests does not declare any static, non-private, non-final, nested classes annotated with @Configuration.
07-04-2023 15:14:00.709 [main] INFO  o.s.b.t.c.SpringBootTestContextBootstrapper.getOrFindConfigurationClasses - Found @SpringBootConfiguration fr.weytensjohann.springcefim.SpringCefimApplication for test class fr.weytensjohann.springcefim.SpringCefimApplicationTests
07-04-2023 15:14:12.103 [main] INFO  o.s.t.c.s.AnnotationConfigContextLoaderUtils.detectDefaultConfigurationClasses - Could not detect default configuration classes for test class [fr.weytensjohann.springcefim.SpringCefimApplicationTests]: SpringCefimApplicationTests does not declare any static, non-private, non-final, nested classes annotated with @Configuration.
07-04-2023 15:14:12.189 [main] INFO  o.s.b.t.c.SpringBootTestContextBootstrapper.getOrFindConfigurationClasses - Found @SpringBootConfiguration fr.weytensjohann.springcefim.SpringCefimApplication for test class fr.weytensjohann.springcefim.SpringCefimApplicationTests
07-04-2023 15:14:36.619 [main] INFO  o.s.t.c.s.AnnotationConfigContextLoaderUtils.detectDefaultConfigurationClasses - Could not detect default configuration classes for test class [fr.weytensjohann.springcefim.SpringCefimApplicationTests]: SpringCefimApplicationTests does not declare any static, non-private, non-final, nested classes annotated with @Configuration.
07-04-2023 15:14:36.708 [main] INFO  o.s.b.t.c.SpringBootTestContextBootstrapper.getOrFindConfigurationClasses - Found @SpringBootConfiguration fr.weytensjohann.springcefim.SpringCefimApplication for test class fr.weytensjohann.springcefim.SpringCefimApplicationTests
07-04-2023 15:15:38.010 [main] INFO  o.s.t.c.s.AnnotationConfigContextLoaderUtils.detectDefaultConfigurationClasses - Could not detect default configuration classes for test class [fr.weytensjohann.springcefim.SpringCefimApplicationTests]: SpringCefimApplicationTests does not declare any static, non-private, non-final, nested classes annotated with @Configuration.
07-04-2023 15:15:38.101 [main] INFO  o.s.b.t.c.SpringBootTestContextBootstrapper.getOrFindConfigurationClasses - Found @SpringBootConfiguration fr.weytensjohann.springcefim.SpringCefimApplication for test class fr.weytensjohann.springcefim.SpringCefimApplicationTests
07-04-2023 15:15:51.124 [main] INFO  o.s.t.c.s.AnnotationConfigContextLoaderUtils.detectDefaultConfigurationClasses - Could not detect default configuration classes for test class [fr.weytensjohann.springcefim.SpringCefimApplicationTests]: SpringCefimApplicationTests does not declare any static, non-private, non-final, nested classes annotated with @Configuration.
07-04-2023 15:15:51.204 [main] INFO  o.s.b.t.c.SpringBootTestContextBootstrapper.getOrFindConfigurationClasses - Found @SpringBootConfiguration fr.weytensjohann.springcefim.SpringCefimApplication for test class fr.weytensjohann.springcefim.SpringCefimApplicationTests
07-04-2023 15:16:42.541 [main] INFO  o.s.t.c.s.AnnotationConfigContextLoaderUtils.detectDefaultConfigurationClasses - Could not detect default configuration classes for test class [fr.weytensjohann.springcefim.SpringCefimApplicationTests]: SpringCefimApplicationTests does not declare any static, non-private, non-final, nested classes annotated with @Configuration.
07-04-2023 15:16:42.633 [main] INFO  o.s.b.t.c.SpringBootTestContextBootstrapper.getOrFindConfigurationClasses - Found @SpringBootConfiguration fr.weytensjohann.springcefim.SpringCefimApplication for test class fr.weytensjohann.springcefim.SpringCefimApplicationTests
07-04-2023 15:17:59.092 [main] INFO  o.s.t.c.s.AnnotationConfigContextLoaderUtils.detectDefaultConfigurationClasses - Could not detect default configuration classes for test class [fr.weytensjohann.springcefim.SpringCefimApplicationTests]: SpringCefimApplicationTests does not declare any static, non-private, non-final, nested classes annotated with @Configuration.
07-04-2023 15:17:59.170 [main] INFO  o.s.b.t.c.SpringBootTestContextBootstrapper.getOrFindConfigurationClasses - Found @SpringBootConfiguration fr.weytensjohann.springcefim.SpringCefimApplication for test class fr.weytensjohann.springcefim.SpringCefimApplicationTests
07-04-2023 15:19:09.251 [main] INFO  o.s.t.c.s.AnnotationConfigContextLoaderUtils.detectDefaultConfigurationClasses - Could not detect default configuration classes for test class [fr.weytensjohann.springcefim.SpringCefimApplicationTests]: SpringCefimApplicationTests does not declare any static, non-private, non-final, nested classes annotated with @Configuration.
07-04-2023 15:19:09.341 [main] INFO  o.s.b.t.c.SpringBootTestContextBootstrapper.getOrFindConfigurationClasses - Found @SpringBootConfiguration fr.weytensjohann.springcefim.SpringCefimApplication for test class fr.weytensjohann.springcefim.SpringCefimApplicationTests
07-04-2023 15:20:03.411 [main] INFO  o.s.t.c.s.AnnotationConfigContextLoaderUtils.detectDefaultConfigurationClasses - Could not detect default configuration classes for test class [fr.weytensjohann.springcefim.SpringCefimApplicationTests]: SpringCefimApplicationTests does not declare any static, non-private, non-final, nested classes annotated with @Configuration.
07-04-2023 15:20:03.503 [main] INFO  o.s.b.t.c.SpringBootTestContextBootstrapper.getOrFindConfigurationClasses - Found @SpringBootConfiguration fr.weytensjohann.springcefim.SpringCefimApplication for test class fr.weytensjohann.springcefim.SpringCefimApplicationTests
07-04-2023 15:20:16.198 [main] INFO  o.s.t.c.s.AnnotationConfigContextLoaderUtils.detectDefaultConfigurationClasses - Could not detect default configuration classes for test class [fr.weytensjohann.springcefim.SpringCefimApplicationTests]: SpringCefimApplicationTests does not declare any static, non-private, non-final, nested classes annotated with @Configuration.
07-04-2023 15:20:16.288 [main] INFO  o.s.b.t.c.SpringBootTestContextBootstrapper.getOrFindConfigurationClasses - Found @SpringBootConfiguration fr.weytensjohann.springcefim.SpringCefimApplication for test class fr.weytensjohann.springcefim.SpringCefimApplicationTests
07-04-2023 15:21:33.471 [main] INFO  o.s.t.c.s.AnnotationConfigContextLoaderUtils.detectDefaultConfigurationClasses - Could not detect default configuration classes for test class [fr.weytensjohann.springcefim.SpringCefimApplicationTests]: SpringCefimApplicationTests does not declare any static, non-private, non-final, nested classes annotated with @Configuration.
07-04-2023 15:21:33.549 [main] INFO  o.s.b.t.c.SpringBootTestContextBootstrapper.getOrFindConfigurationClasses - Found @SpringBootConfiguration fr.weytensjohann.springcefim.SpringCefimApplication for test class fr.weytensjohann.springcefim.SpringCefimApplicationTests
07-04-2023 15:22:33.753 [main] INFO  o.s.t.c.s.AnnotationConfigContextLoaderUtils.detectDefaultConfigurationClasses - Could not detect default configuration classes for test class [fr.weytensjohann.springcefim.SpringCefimApplicationTests]: SpringCefimApplicationTests does not declare any static, non-private, non-final, nested classes annotated with @Configuration.
07-04-2023 15:22:33.849 [main] INFO  o.s.b.t.c.SpringBootTestContextBootstrapper.getOrFindConfigurationClasses - Found @SpringBootConfiguration fr.weytensjohann.springcefim.SpringCefimApplication for test class fr.weytensjohann.springcefim.SpringCefimApplicationTests
07-04-2023 15:29:41.430 [main] INFO  o.s.t.c.s.AnnotationConfigContextLoaderUtils.detectDefaultConfigurationClasses - Could not detect default configuration classes for test class [fr.weytensjohann.springcefim.SpringCefimApplicationTests]: SpringCefimApplicationTests does not declare any static, non-private, non-final, nested classes annotated with @Configuration.
07-04-2023 15:29:41.517 [main] INFO  o.s.b.t.c.SpringBootTestContextBootstrapper.getOrFindConfigurationClasses - Found @SpringBootConfiguration fr.weytensjohann.springcefim.SpringCefimApplication for test class fr.weytensjohann.springcefim.SpringCefimApplicationTests
07-04-2023 15:42:52.623 [main] INFO  o.s.t.c.s.AnnotationConfigContextLoaderUtils.detectDefaultConfigurationClasses - Could not detect default configuration classes for test class [fr.weytensjohann.springcefim.SpringCefimApplicationTests]: SpringCefimApplicationTests does not declare any static, non-private, non-final, nested classes annotated with @Configuration.
07-04-2023 15:42:52.721 [main] INFO  o.s.b.t.c.SpringBootTestContextBootstrapper.getOrFindConfigurationClasses - Found @SpringBootConfiguration fr.weytensjohann.springcefim.SpringCefimApplication for test class fr.weytensjohann.springcefim.SpringCefimApplicationTests
07-04-2023 15:43:47.396 [main] INFO  o.s.t.c.s.AnnotationConfigContextLoaderUtils.detectDefaultConfigurationClasses - Could not detect default configuration classes for test class [fr.weytensjohann.springcefim.SpringCefimApplicationTests]: SpringCefimApplicationTests does not declare any static, non-private, non-final, nested classes annotated with @Configuration.
07-04-2023 15:43:47.489 [main] INFO  o.s.b.t.c.SpringBootTestContextBootstrapper.getOrFindConfigurationClasses - Found @SpringBootConfiguration fr.weytensjohann.springcefim.SpringCefimApplication for test class fr.weytensjohann.springcefim.SpringCefimApplicationTests
07-04-2023 15:45:11.292 [main] INFO  o.s.t.c.s.AnnotationConfigContextLoaderUtils.detectDefaultConfigurationClasses - Could not detect default configuration classes for test class [fr.weytensjohann.springcefim.SpringCefimApplicationTests]: SpringCefimApplicationTests does not declare any static, non-private, non-final, nested classes annotated with @Configuration.
07-04-2023 15:45:11.386 [main] INFO  o.s.b.t.c.SpringBootTestContextBootstrapper.getOrFindConfigurationClasses - Found @SpringBootConfiguration fr.weytensjohann.springcefim.SpringCefimApplication for test class fr.weytensjohann.springcefim.SpringCefimApplicationTests
07-04-2023 15:46:05.350 [main] INFO  o.s.t.c.s.AnnotationConfigContextLoaderUtils.detectDefaultConfigurationClasses - Could not detect default configuration classes for test class [fr.weytensjohann.springcefim.SpringCefimApplicationTests]: SpringCefimApplicationTests does not declare any static, non-private, non-final, nested classes annotated with @Configuration.
07-04-2023 15:46:05.432 [main] INFO  o.s.b.t.c.SpringBootTestContextBootstrapper.getOrFindConfigurationClasses - Found @SpringBootConfiguration fr.weytensjohann.springcefim.SpringCefimApplication for test class fr.weytensjohann.springcefim.SpringCefimApplicationTests
07-04-2023 15:57:50.913 [main] INFO  o.s.t.c.s.AnnotationConfigContextLoaderUtils.detectDefaultConfigurationClasses - Could not detect default configuration classes for test class [fr.weytensjohann.springcefim.SpringCefimApplicationTests]: SpringCefimApplicationTests does not declare any static, non-private, non-final, nested classes annotated with @Configuration.
07-04-2023 15:57:51.012 [main] INFO  o.s.b.t.c.SpringBootTestContextBootstrapper.getOrFindConfigurationClasses - Found @SpringBootConfiguration fr.weytensjohann.springcefim.SpringCefimApplication for test class fr.weytensjohann.springcefim.SpringCefimApplicationTests
07-04-2023 15:58:17.357 [main] INFO  o.s.t.c.s.AnnotationConfigContextLoaderUtils.detectDefaultConfigurationClasses - Could not detect default configuration classes for test class [fr.weytensjohann.springcefim.SpringCefimApplicationTests]: SpringCefimApplicationTests does not declare any static, non-private, non-final, nested classes annotated with @Configuration.
07-04-2023 15:58:17.432 [main] INFO  o.s.b.t.c.SpringBootTestContextBootstrapper.getOrFindConfigurationClasses - Found @SpringBootConfiguration fr.weytensjohann.springcefim.SpringCefimApplication for test class fr.weytensjohann.springcefim.SpringCefimApplicationTests
07-04-2023 16:04:53.418 [main] INFO  o.s.t.c.s.AnnotationConfigContextLoaderUtils.detectDefaultConfigurationClasses - Could not detect default configuration classes for test class [fr.weytensjohann.springcefim.SpringCefimApplicationTests]: SpringCefimApplicationTests does not declare any static, non-private, non-final, nested classes annotated with @Configuration.
07-04-2023 16:04:53.519 [main] INFO  o.s.b.t.c.SpringBootTestContextBootstrapper.getOrFindConfigurationClasses - Found @SpringBootConfiguration fr.weytensjohann.springcefim.SpringCefimApplication for test class fr.weytensjohann.springcefim.SpringCefimApplicationTests
07-04-2023 16:07:35.114 [main] INFO  o.s.t.c.s.AnnotationConfigContextLoaderUtils.detectDefaultConfigurationClasses - Could not detect default configuration classes for test class [fr.weytensjohann.springcefim.SpringCefimApplicationTests]: SpringCefimApplicationTests does not declare any static, non-private, non-final, nested classes annotated with @Configuration.
07-04-2023 16:07:35.212 [main] INFO  o.s.b.t.c.SpringBootTestContextBootstrapper.getOrFindConfigurationClasses - Found @SpringBootConfiguration fr.weytensjohann.springcefim.SpringCefimApplication for test class fr.weytensjohann.springcefim.SpringCefimApplicationTests
07-04-2023 16:11:39.186 [main] INFO  o.s.t.c.s.AnnotationConfigContextLoaderUtils.detectDefaultConfigurationClasses - Could not detect default configuration classes for test class [fr.weytensjohann.springcefim.SpringCefimApplicationTests]: SpringCefimApplicationTests does not declare any static, non-private, non-final, nested classes annotated with @Configuration.
07-04-2023 16:11:39.281 [main] INFO  o.s.b.t.c.SpringBootTestContextBootstrapper.getOrFindConfigurationClasses - Found @SpringBootConfiguration fr.weytensjohann.springcefim.SpringCefimApplication for test class fr.weytensjohann.springcefim.SpringCefimApplicationTests
07-04-2023 16:13:08.007 [main] INFO  o.s.t.c.s.AnnotationConfigContextLoaderUtils.detectDefaultConfigurationClasses - Could not detect default configuration classes for test class [fr.weytensjohann.springcefim.SpringCefimApplicationTests]: SpringCefimApplicationTests does not declare any static, non-private, non-final, nested classes annotated with @Configuration.
07-04-2023 16:13:08.077 [main] INFO  o.s.b.t.c.SpringBootTestContextBootstrapper.getOrFindConfigurationClasses - Found @SpringBootConfiguration fr.weytensjohann.springcefim.SpringCefimApplication for test class fr.weytensjohann.springcefim.SpringCefimApplicationTests
07-04-2023 16:13:31.878 [main] INFO  o.s.t.c.s.AnnotationConfigContextLoaderUtils.detectDefaultConfigurationClasses - Could not detect default configuration classes for test class [fr.weytensjohann.springcefim.SpringCefimApplicationTests]: SpringCefimApplicationTests does not declare any static, non-private, non-final, nested classes annotated with @Configuration.
07-04-2023 16:13:31.969 [main] INFO  o.s.b.t.c.SpringBootTestContextBootstrapper.getOrFindConfigurationClasses - Found @SpringBootConfiguration fr.weytensjohann.springcefim.SpringCefimApplication for test class fr.weytensjohann.springcefim.SpringCefimApplicationTests
07-04-2023 16:13:45.275 [main] INFO  o.s.t.c.s.AnnotationConfigContextLoaderUtils.detectDefaultConfigurationClasses - Could not detect default configuration classes for test class [fr.weytensjohann.springcefim.SpringCefimApplicationTests]: SpringCefimApplicationTests does not declare any static, non-private, non-final, nested classes annotated with @Configuration.
07-04-2023 16:13:45.375 [main] INFO  o.s.b.t.c.SpringBootTestContextBootstrapper.getOrFindConfigurationClasses - Found @SpringBootConfiguration fr.weytensjohann.springcefim.SpringCefimApplication for test class fr.weytensjohann.springcefim.SpringCefimApplicationTests
07-04-2023 16:14:01.912 [main] INFO  o.s.t.c.s.AnnotationConfigContextLoaderUtils.detectDefaultConfigurationClasses - Could not detect default configuration classes for test class [fr.weytensjohann.springcefim.SpringCefimApplicationTests]: SpringCefimApplicationTests does not declare any static, non-private, non-final, nested classes annotated with @Configuration.
07-04-2023 16:14:02.008 [main] INFO  o.s.b.t.c.SpringBootTestContextBootstrapper.getOrFindConfigurationClasses - Found @SpringBootConfiguration fr.weytensjohann.springcefim.SpringCefimApplication for test class fr.weytensjohann.springcefim.SpringCefimApplicationTests
